Using pre-set license
Built from '2021.1/staging' branch; Version is '2021.1.2f1 (e5d502d80fbb) revision 15062274'; Using compiler version '192528614'; Build Type 'Release'
OS: 'Windows 10 Home; OS build 19042.1348; Version 2009; 64bit' Language: 'en' Physical Memory: 16152 MB
BatchMode: 1, IsHumanControllingUs: 0, StartBugReporterOnCrash: 0, Is64bit: 1, IsPro: 0

 COMMAND LINE ARGUMENTS:
C:\Program Files\Unity\Hub\Editor\2021.1.2f1\Editor\Unity.exe
-adb2
-batchMode
-noUpm
-name
AssetImportWorker0
-projectPath
C:/Users/robin/Documents/Personal Files/Artez/Design by interaction/ParticleGyroscopeFlowField
-logFile
Logs/AssetImportWorker0.log
-srvPort
53276
Successfully changed project path to: C:/Users/robin/Documents/Personal Files/Artez/Design by interaction/ParticleGyroscopeFlowField
C:/Users/robin/Documents/Personal Files/Artez/Design by interaction/ParticleGyroscopeFlowField
Using Asset Import Pipeline V2.
Refreshing native plugins compatible for Editor in 83.96 ms, found 1 plugins.
Preloading 0 native plugins for Editor in 0.00 ms.
Initialize engine version: 2021.1.2f1 (e5d502d80fbb)
[Subsystems] Discovering subsystems at path C:/Program Files/Unity/Hub/Editor/2021.1.2f1/Editor/Data/Resources/UnitySubsystems
[Subsystems] Discovering subsystems at path C:/Users/robin/Documents/Personal Files/Artez/Design by interaction/ParticleGyroscopeFlowField/Assets
GfxDevice: creating device client; threaded=0; jobified=0
Direct3D:
    Version:  Direct3D 11.0 [level 11.1]
    Renderer: NVIDIA GeForce RTX 3070 Laptop GPU (ID=0x24dd)
    Vendor:   NVIDIA
    VRAM:     8044 MB
    Driver:   30.0.14.7219
Initialize mono
Mono path[0] = 'C:/Program Files/Unity/Hub/Editor/2021.1.2f1/Editor/Data/Managed'
Mono path[1] = 'C:/Program Files/Unity/Hub/Editor/2021.1.2f1/Editor/Data/MonoBleedingEdge/lib/mono/unityjit'
Mono config path = 'C:/Program Files/Unity/Hub/Editor/2021.1.2f1/Editor/Data/MonoBleedingEdge/etc'
Using monoOptions --debugger-agent=transport=dt_socket,embedding=1,server=y,suspend=n,address=127.0.0.1:56984
Begin MonoManager ReloadAssembly
Registering precompiled unity dll's ...
Register platform support module: C:/Program Files/Unity/Hub/Editor/2021.1.2f1/Editor/Data/PlaybackEngines/WindowsStandaloneSupport/UnityEditor.WindowsStandalone.Extensions.dll
Registered in 0.002924 seconds.
Native extension for WindowsStandalone target not found
Refreshing native plugins compatible for Editor in 90.49 ms, found 1 plugins.
Preloading 0 native plugins for Editor in 0.00 ms.
Mono: successfully reloaded assembly
- Completed reload, in  1.729 seconds
Platform modules already initialized, skipping
Registering precompiled user dll's ...
Registered in 0.004935 seconds.
Begin MonoManager ReloadAssembly
Native extension for WindowsStandalone target not found
Refreshing native plugins compatible for Editor in 0.88 ms, found 1 plugins.
Preloading 0 native plugins for Editor in 0.00 ms.
Mono: successfully reloaded assembly
- Completed reload, in  1.191 seconds
Platform modules already initialized, skipping
========================================================================
Worker process is ready to serve import requests
Launched and connected shader compiler UnityShaderCompiler.exe after 0.06 seconds
Refreshing native plugins compatible for Editor in 0.62 ms, found 1 plugins.
Preloading 0 native plugins for Editor in 0.00 ms.
Unloading 2684 Unused Serialized files (Serialized files now loaded: 0)
System memory in use before: 99.7 MB.
System memory in use after: 99.9 MB.

Unloading 15 unused Assets to reduce memory usage. Loaded Objects now: 3136.
Total: 4.508100 ms (FindLiveObjects: 0.691600 ms CreateObjectMapping: 0.485800 ms MarkObjects: 3.202800 ms  DeleteObjects: 0.126600 ms)

========================================================================
Received Import Request.
  path: Assets/Ardity
  artifactKey: Guid(6263f81c44bffc2458cddfbc87f98a10) Importer(815301076,1909f56bfc062723c751e8b465ee728b)
Start importing Assets/Ardity using Guid(6263f81c44bffc2458cddfbc87f98a10) Importer(815301076,1909f56bfc062723c751e8b465ee728b)  -> (artifact id: '40f2d358ad75a621ed5503d97cc51cdc') in 0.006449 seconds 
========================================================================
Received Import Request.
  Time since last request: 7.252090 seconds.
  path: Assets/Scripts/SerialListener.cs
  artifactKey: Guid(0699cd994e2aa5c498c47f209a5d9e02) Importer(815301076,1909f56bfc062723c751e8b465ee728b)
Start importing Assets/Scripts/SerialListener.cs using Guid(0699cd994e2aa5c498c47f209a5d9e02) Importer(815301076,1909f56bfc062723c751e8b465ee728b)  -> (artifact id: '52396085ffe0bfc1ce00f0b1e6f017da') in 0.031583 seconds 
========================================================================
Received Import Request.
  Time since last request: 0.741792 seconds.
  path: Assets/Scripts/FlowFieldParticle.cs
  artifactKey: Guid(c31b8a5203a717240b4ad239c74e739d) Importer(815301076,1909f56bfc062723c751e8b465ee728b)
Start importing Assets/Scripts/FlowFieldParticle.cs using Guid(c31b8a5203a717240b4ad239c74e739d) Importer(815301076,1909f56bfc062723c751e8b465ee728b)  -> (artifact id: '5beb46386f10dc4f736023e8157c3dd3') in 0.004778 seconds 
========================================================================
Received Import Request.
  Time since last request: 1.454006 seconds.
  path: Assets/Scripts/FlowfieldGeneration.cs
  artifactKey: Guid(cc7f974ea320f6c418cc73bb4a802a9b) Importer(815301076,1909f56bfc062723c751e8b465ee728b)
Start importing Assets/Scripts/FlowfieldGeneration.cs using Guid(cc7f974ea320f6c418cc73bb4a802a9b) Importer(815301076,1909f56bfc062723c751e8b465ee728b)  -> (artifact id: '4c8df4652b3b19a94f3f3325e89b538c') in 0.003434 seconds 
========================================================================
Received Import Request.
  Time since last request: 1.164420 seconds.
  path: Assets/Scripts/AudioData.cs
  artifactKey: Guid(38212c7426fc0764087322f3a8696bac) Importer(815301076,1909f56bfc062723c751e8b465ee728b)
Start importing Assets/Scripts/AudioData.cs using Guid(38212c7426fc0764087322f3a8696bac) Importer(815301076,1909f56bfc062723c751e8b465ee728b)  -> (artifact id: 'af9a1bd2973956cb5f20eeee9a9a69b4') in 0.015409 seconds 
========================================================================
Received Import Request.
  Time since last request: 2.154305 seconds.
  path: Assets/Scripts/SoundMaker.cs
  artifactKey: Guid(329ae104084afda4fb38653d19aed6c7) Importer(815301076,1909f56bfc062723c751e8b465ee728b)
Start importing Assets/Scripts/SoundMaker.cs using Guid(329ae104084afda4fb38653d19aed6c7) Importer(815301076,1909f56bfc062723c751e8b465ee728b)  -> (artifact id: 'a3d6077ae83c839a004e0bfee08abc92') in 0.015990 seconds 
========================================================================
Received Import Request.
  Time since last request: 2.954523 seconds.
  path: Assets/Scripts/Performance.cs
  artifactKey: Guid(1d5ae95cb0a08ad46bd5be93dffece54) Importer(815301076,1909f56bfc062723c751e8b465ee728b)
Start importing Assets/Scripts/Performance.cs using Guid(1d5ae95cb0a08ad46bd5be93dffece54) Importer(815301076,1909f56bfc062723c751e8b465ee728b)  -> (artifact id: '6149d079bbdd8a16b8ab5ed777b0177d') in 0.003305 seconds 
========================================================================
Received Prepare
Registering precompiled user dll's ...
Registered in 0.003780 seconds.
Begin MonoManager ReloadAssembly
Native extension for WindowsStandalone target not found
Refreshing native plugins compatible for Editor in 0.58 ms, found 1 plugins.
Preloading 0 native plugins for Editor in 0.00 ms.
Mono: successfully reloaded assembly
- Completed reload, in  0.845 seconds
Platform modules already initialized, skipping
Refreshing native plugins compatible for Editor in 0.42 ms, found 1 plugins.
Preloading 0 native plugins for Editor in 0.00 ms.
Unloading 2679 Unused Serialized files (Serialized files now loaded: 0)
System memory in use before: 99.7 MB.
System memory in use after: 99.9 MB.

Unloading 10 unused Assets to reduce memory usage. Loaded Objects now: 3139.
Total: 2.373600 ms (FindLiveObjects: 0.310200 ms CreateObjectMapping: 0.199100 ms MarkObjects: 1.814700 ms  DeleteObjects: 0.047700 ms)

========================================================================
Received Import Request.
  Time since last request: 1046.281326 seconds.
  path: Assets/Prefabs/Particle.prefab
  artifactKey: Guid(6275fb80effd2714cb6f93976aa1e5c6) Importer(815301076,1909f56bfc062723c751e8b465ee728b)
Start importing Assets/Prefabs/Particle.prefab using Guid(6275fb80effd2714cb6f93976aa1e5c6) Importer(815301076,1909f56bfc062723c751e8b465ee728b)  -> (artifact id: '9f639746d6df1074fc82a5a8b162ae68') in 0.082227 seconds 
========================================================================
Received Prepare
Registering precompiled user dll's ...
Registered in 0.004793 seconds.
Begin MonoManager ReloadAssembly
Native extension for WindowsStandalone target not found
Refreshing native plugins compatible for Editor in 0.46 ms, found 1 plugins.
Preloading 0 native plugins for Editor in 0.00 ms.
Mono: successfully reloaded assembly
- Completed reload, in  0.814 seconds
Platform modules already initialized, skipping
Refreshing native plugins compatible for Editor in 2.39 ms, found 1 plugins.
Preloading 0 native plugins for Editor in 0.00 ms.
Unloading 2679 Unused Serialized files (Serialized files now loaded: 0)
System memory in use before: 103.4 MB.
System memory in use after: 103.6 MB.

Unloading 11 unused Assets to reduce memory usage. Loaded Objects now: 3150.
Total: 2.748200 ms (FindLiveObjects: 0.309800 ms CreateObjectMapping: 0.233400 ms MarkObjects: 2.153600 ms  DeleteObjects: 0.049600 ms)

========================================================================
Received Prepare
Registering precompiled user dll's ...
Registered in 0.004414 seconds.
Begin MonoManager ReloadAssembly
Native extension for WindowsStandalone target not found
Refreshing native plugins compatible for Editor in 0.53 ms, found 1 plugins.
Preloading 0 native plugins for Editor in 0.00 ms.
Mono: successfully reloaded assembly
- Completed reload, in  0.938 seconds
Platform modules already initialized, skipping
Refreshing native plugins compatible for Editor in 0.48 ms, found 1 plugins.
Preloading 0 native plugins for Editor in 0.00 ms.
Unloading 2679 Unused Serialized files (Serialized files now loaded: 0)
System memory in use before: 103.4 MB.
System memory in use after: 103.6 MB.

Unloading 10 unused Assets to reduce memory usage. Loaded Objects now: 3153.
Total: 2.123600 ms (FindLiveObjects: 0.385700 ms CreateObjectMapping: 0.252800 ms MarkObjects: 1.438500 ms  DeleteObjects: 0.044900 ms)

========================================================================
Received Prepare
Registering precompiled user dll's ...
Registered in 0.003957 seconds.
Begin MonoManager ReloadAssembly
Native extension for WindowsStandalone target not found
Refreshing native plugins compatible for Editor in 0.54 ms, found 1 plugins.
Preloading 0 native plugins for Editor in 0.00 ms.
Mono: successfully reloaded assembly
- Completed reload, in  0.908 seconds
Platform modules already initialized, skipping
Refreshing native plugins compatible for Editor in 0.72 ms, found 1 plugins.
Preloading 0 native plugins for Editor in 0.00 ms.
Unloading 2679 Unused Serialized files (Serialized files now loaded: 0)
System memory in use before: 103.4 MB.
System memory in use after: 103.6 MB.

Unloading 10 unused Assets to reduce memory usage. Loaded Objects now: 3156.
Total: 2.123000 ms (FindLiveObjects: 0.247700 ms CreateObjectMapping: 0.166800 ms MarkObjects: 1.664700 ms  DeleteObjects: 0.042800 ms)

========================================================================
Received Prepare
Registering precompiled user dll's ...
Registered in 0.006870 seconds.
Begin MonoManager ReloadAssembly
Native extension for WindowsStandalone target not found
Refreshing native plugins compatible for Editor in 0.50 ms, found 1 plugins.
Preloading 0 native plugins for Editor in 0.00 ms.
Mono: successfully reloaded assembly
- Completed reload, in  0.955 seconds
Platform modules already initialized, skipping
Refreshing native plugins compatible for Editor in 0.46 ms, found 1 plugins.
Preloading 0 native plugins for Editor in 0.00 ms.
Unloading 2679 Unused Serialized files (Serialized files now loaded: 0)
System memory in use before: 103.4 MB.
System memory in use after: 103.6 MB.

Unloading 10 unused Assets to reduce memory usage. Loaded Objects now: 3159.
Total: 2.083500 ms (FindLiveObjects: 0.248900 ms CreateObjectMapping: 0.171800 ms MarkObjects: 1.620000 ms  DeleteObjects: 0.041700 ms)

========================================================================
Received Prepare
Registering precompiled user dll's ...
Registered in 0.004401 seconds.
Begin MonoManager ReloadAssembly
Native extension for WindowsStandalone target not found
Refreshing native plugins compatible for Editor in 0.51 ms, found 1 plugins.
Preloading 0 native plugins for Editor in 0.00 ms.
Mono: successfully reloaded assembly
- Completed reload, in  0.913 seconds
Platform modules already initialized, skipping
Refreshing native plugins compatible for Editor in 0.46 ms, found 1 plugins.
Preloading 0 native plugins for Editor in 0.00 ms.
Unloading 2679 Unused Serialized files (Serialized files now loaded: 0)
System memory in use before: 103.4 MB.
System memory in use after: 103.6 MB.

Unloading 10 unused Assets to reduce memory usage. Loaded Objects now: 3162.
Total: 1.950200 ms (FindLiveObjects: 0.255400 ms CreateObjectMapping: 0.179000 ms MarkObjects: 1.474400 ms  DeleteObjects: 0.040400 ms)

========================================================================
Received Prepare
Registering precompiled user dll's ...
Registered in 0.003880 seconds.
Begin MonoManager ReloadAssembly
Native extension for WindowsStandalone target not found
Refreshing native plugins compatible for Editor in 0.55 ms, found 1 plugins.
Preloading 0 native plugins for Editor in 0.00 ms.
Mono: successfully reloaded assembly
- Completed reload, in  0.971 seconds
Platform modules already initialized, skipping
Refreshing native plugins compatible for Editor in 0.49 ms, found 1 plugins.
Preloading 0 native plugins for Editor in 0.00 ms.
Unloading 2679 Unused Serialized files (Serialized files now loaded: 0)
System memory in use before: 103.5 MB.
System memory in use after: 103.7 MB.

Unloading 10 unused Assets to reduce memory usage. Loaded Objects now: 3165.
Total: 2.419500 ms (FindLiveObjects: 0.254300 ms CreateObjectMapping: 0.188000 ms MarkObjects: 1.914200 ms  DeleteObjects: 0.061800 ms)

========================================================================
Received Prepare
Registering precompiled user dll's ...
Registered in 0.004120 seconds.
Begin MonoManager ReloadAssembly
Native extension for WindowsStandalone target not found
Refreshing native plugins compatible for Editor in 0.57 ms, found 1 plugins.
Preloading 0 native plugins for Editor in 0.00 ms.
Mono: successfully reloaded assembly
- Completed reload, in  0.823 seconds
Platform modules already initialized, skipping
Refreshing native plugins compatible for Editor in 0.44 ms, found 1 plugins.
Preloading 0 native plugins for Editor in 0.00 ms.
Unloading 2679 Unused Serialized files (Serialized files now loaded: 0)
System memory in use before: 103.5 MB.
System memory in use after: 103.7 MB.

Unloading 10 unused Assets to reduce memory usage. Loaded Objects now: 3168.
Total: 1.988400 ms (FindLiveObjects: 0.339200 ms CreateObjectMapping: 0.141600 ms MarkObjects: 1.469500 ms  DeleteObjects: 0.036900 ms)

AssetImportWorkerClient::OnTransportError - code=2 error=End of file
